<?xml version="1.0" encoding="UTF-8"?>
<!-- Generated by org.testng.reporters.JUnitReportReporter -->
<testsuite skipped="0" hostname="admins-MacBook-Pro-3.local" name="domReading.SampleDomProgram" tests="1" failures="0" timestamp="01 May 2020 07:41:29 GMT" time="47.362" errors="0">
  <testcase name="Sample" time="47.362" classname="domReading.SampleDomProgram"/>
</testsuite> <!-- domReading.SampleDomProgram -->
