<?xml version="1.0" encoding="UTF-8"?>
<!-- Generated by org.testng.reporters.JUnitReportReporter -->
<testsuite skipped="0" hostname="admins-MacBook-Pro-3.local" name="pdfReader.SamplePDFReader" tests="1" failures="0" timestamp="25 Apr 2020 08:36:28 GMT" time="34.813" errors="0">
  <testcase name="SamplePDF" time="34.813" classname="pdfReader.SamplePDFReader"/>
</testsuite> <!-- pdfReader.SamplePDFReader -->
