<?xml version="1.0" encoding="UTF-8"?>
<!-- Generated by org.testng.reporters.JUnitReportReporter -->
<testsuite skipped="0" hostname="admins-MacBook-Pro-3.local" name="bibaNavigationSelection.NavigationCheck" tests="1" failures="0" timestamp="09 May 2020 12:12:25 GMT" time="20.376" errors="0">
  <testcase name="setBrowser" time="20.376" classname="bibaNavigationSelection.NavigationCheck"/>
</testsuite> <!-- bibaNavigationSelection.NavigationCheck -->
