<?xml version="1.0" encoding="UTF-8"?>
<!-- Generated by org.testng.reporters.JUnitReportReporter -->
<testsuite name="testNGTopics.AllTestAnnotations" tests="3" time="0.015" ignored="0" failures="0" timestamp="28 Jan 2020 06:46:11 GMT" skipped="0" hostname="admins-MacBook-Pro-3.local" errors="0">
  <testcase name="TestCase1" time="0.005" classname="testNGTopics.AllTestAnnotations"/>
  <testcase name="TestCase3" time="0.005" classname="testNGTopics.AllTestAnnotations"/>
  <testcase name="TestCase2" time="0.005" classname="testNGTopics.AllTestAnnotations"/>
</testsuite> <!-- testNGTopics.AllTestAnnotations -->
