<?xml version="1.0" encoding="UTF-8"?>
<!-- Generated by org.testng.reporters.JUnitReportReporter -->
<testsuite skipped="0" hostname="admins-MacBook-Pro-3.local" name="com.qa.biba.Baseclass.Blassclass" tests="1" failures="0" timestamp="18 Apr 2020 10:04:14 GMT" time="19.875" errors="0">
  <testcase name="Innitalization" time="19.875" classname="com.qa.biba.Baseclass.Blassclass"/>
</testsuite> <!-- com.qa.biba.Baseclass.Blassclass -->
