<?xml version="1.0" encoding="UTF-8"?>
<!-- Generated by org.testng.reporters.JUnitReportReporter -->
<testsuite skipped="0" hostname="admins-MacBook-Pro-3.local" name="com.qa.biba.testclass.HomeTestClass" tests="1" failures="0" timestamp="18 Apr 2020 11:02:11 GMT" time="7.114" errors="0">
  <testcase name="BibaLogintest" time="7.114" classname="com.qa.biba.testclass.HomeTestClass"/>
</testsuite> <!-- com.qa.biba.testclass.HomeTestClass -->
