<?xml version="1.0" encoding="UTF-8"?>
<!-- Generated by org.testng.reporters.JUnitReportReporter -->
<testsuite skipped="0" hostname="admins-MacBook-Pro-3.local" name="com.qa.biba.testclass.LoginpageTest" tests="2" failures="0" timestamp="18 Apr 2020 15:34:53 GMT" time="93.758" errors="0">
  <testcase name="MixandMathces" time="36.452" classname="com.qa.biba.testclass.LoginpageTest"/>
  <testcase name="EnterData" time="57.306" classname="com.qa.biba.testclass.LoginpageTest"/>
</testsuite> <!-- com.qa.biba.testclass.LoginpageTest -->
