<?xml version="1.0" encoding="UTF-8"?>
<!-- Generated by org.testng.reporters.JUnitReportReporter -->
<testsuite skipped="0" hostname="admins-MacBook-Pro-3.local" name="com.pizzahut.baseclass.Baseclass" tests="1" failures="0" timestamp="14 Apr 2020 13:41:58 GMT" time="15.052" errors="0">
  <testcase name="SetupMethod" time="15.052" classname="com.pizzahut.baseclass.Baseclass"/>
</testsuite> <!-- com.pizzahut.baseclass.Baseclass -->
