<?xml version="1.0" encoding="UTF-8"?>
<!-- Generated by org.testng.reporters.JUnitReportReporter -->
<testsuite skipped="0" hostname="admins-MacBook-Pro-3.local" name="com.pizzahut.testcases.FeedbackTestclass" tests="4" failures="0" timestamp="15 Apr 2020 14:08:58 GMT" time="74.404" errors="0">
  <testcase name="getTestData" time="20.705" classname="com.pizzahut.testcases.FeedbackTestclass"/>
  <testcase name="verifydropdown2" time="11.955" classname="com.pizzahut.testcases.FeedbackTestclass"/>
  <testcase name="dataPicker1" time="25.460" classname="com.pizzahut.testcases.FeedbackTestclass"/>
  <testcase name="verifydropdown1" time="16.284" classname="com.pizzahut.testcases.FeedbackTestclass"/>
</testsuite> <!-- com.pizzahut.testcases.FeedbackTestclass -->
