<?xml version="1.0" encoding="UTF-8"?>
<!-- Generated by org.testng.reporters.JUnitReportReporter -->
<testsuite skipped="0" hostname="admins-MacBook-Pro-3.local" name="PageObjectModule.MyFirstProject.SampleClass" tests="1" failures="0" timestamp="13 Apr 2020 18:09:36 GMT" time="0.046" errors="0">
  <testcase name="main" time="0.046" classname="PageObjectModule.MyFirstProject.SampleClass"/>
</testsuite> <!-- PageObjectModule.MyFirstProject.SampleClass -->
