<?xml version="1.0" encoding="UTF-8"?>
<!-- Generated by org.testng.reporters.JUnitReportReporter -->
<testsuite skipped="0" hostname="admins-MacBook-Pro-3.local" name="com.drx.qa.TestClass.FinalPageTestClass" tests="1" failures="0" timestamp="08 May 2020 17:54:12 GMT" time="82.942" errors="0">
  <testcase name="sendToPhramacyFinalPage" time="82.942" classname="com.drx.qa.TestClass.FinalPageTestClass"/>
</testsuite> <!-- com.drx.qa.TestClass.FinalPageTestClass -->
