<?xml version="1.0" encoding="UTF-8"?>
<!-- Generated by org.testng.reporters.JUnitReportReporter -->
<testsuite skipped="0" hostname="admins-MacBook-Pro-3.local" name="com.drx.qa.BaseClass.BaseClass" tests="1" failures="0" timestamp="01 May 2020 08:26:02 GMT" time="18.182" errors="0">
  <testcase name="browserSetUp" time="18.182" classname="com.drx.qa.BaseClass.BaseClass"/>
</testsuite> <!-- com.drx.qa.BaseClass.BaseClass -->
