<?xml version="1.0" encoding="UTF-8"?>
<!-- Generated by org.testng.reporters.JUnitReportReporter -->
<testsuite skipped="0" hostname="admins-MacBook-Pro-3.local" name="com.drx.qa.TestClass.DrugSelectionFromlist" tests="1" failures="0" timestamp="08 May 2020 17:54:12 GMT" time="42.312" errors="0">
  <testcase name="selectDrugfromlist" time="42.312" classname="com.drx.qa.TestClass.DrugSelectionFromlist"/>
</testsuite> <!-- com.drx.qa.TestClass.DrugSelectionFromlist -->
