<?xml version="1.0" encoding="UTF-8"?>
<!-- Generated by org.testng.reporters.JUnitReportReporter -->
<testsuite skipped="0" hostname="admins-MacBook-Pro-3.local" name="com.drx.qa.TestClass.LoginTestClass" tests="2" failures="0" timestamp="08 May 2020 17:54:12 GMT" time="20.538" errors="0">
  <testcase name="submitbutton" time="9.455" classname="com.drx.qa.TestClass.LoginTestClass"/>
  <testcase name="doLogin" time="11.083" classname="com.drx.qa.TestClass.LoginTestClass"/>
</testsuite> <!-- com.drx.qa.TestClass.LoginTestClass -->
