<?xml version="1.0" encoding="UTF-8"?>
<!-- Generated by org.testng.reporters.JUnitReportReporter -->
<testsuite skipped="0" hostname="admins-MacBook-Pro-3.local" name="com.drx.qa.TestClass.PatientSearchScreen" tests="2" failures="0" timestamp="08 May 2020 17:54:12 GMT" time="21.849" errors="0">
  <testcase name="searchbutton" time="11.458" classname="com.drx.qa.TestClass.PatientSearchScreen"/>
  <testcase name="searchuser" time="10.391" classname="com.drx.qa.TestClass.PatientSearchScreen"/>
</testsuite> <!-- com.drx.qa.TestClass.PatientSearchScreen -->
