<?xml version="1.0" encoding="UTF-8"?>
<!-- Generated by org.testng.reporters.JUnitReportReporter -->
<testsuite skipped="0" hostname="admins-MacBook-Pro-3.local" name="com.drx.qa.TestClass.SendToPhramcyTestClass" tests="1" failures="0" timestamp="08 May 2020 17:54:12 GMT" time="59.622" errors="0">
  <testcase name="TitleTest" time="59.622" classname="com.drx.qa.TestClass.SendToPhramcyTestClass"/>
</testsuite> <!-- com.drx.qa.TestClass.SendToPhramcyTestClass -->
