<?xml version="1.0" encoding="UTF-8"?>
<!-- Generated by org.testng.reporters.JUnitReportReporter -->
<testsuite skipped="0" hostname="admins-MacBook-Pro-3.local" name="extentReports.SampleTextCase" tests="3" failures="0" timestamp="28 Jan 2020 09:37:09 GMT" time="0.064" errors="0">
  <testcase name="LoginTest" time="0.020" classname="extentReports.SampleTextCase"/>
  <testcase name="Registration" time="0.004" classname="extentReports.SampleTextCase"/>
  <testcase name="Skiped" time="0.040" classname="extentReports.SampleTextCase"/>
</testsuite> <!-- extentReports.SampleTextCase -->
