<?xml version="1.0" encoding="UTF-8"?>
<!-- Generated by org.testng.reporters.JUnitReportReporter -->
<testsuite skipped="0" hostname="admins-MacBook-Pro-3.local" name="extentReports.Paramitarization" tests="3" failures="0" timestamp="28 Jan 2020 11:01:31 GMT" time="0.025" errors="0">
  <testcase name="Username" time="0.003" classname="extentReports.Paramitarization"/>
  <testcase name="Username" time="0.003" classname="extentReports.Paramitarization"/>
  <testcase name="Username" time="0.019" classname="extentReports.Paramitarization"/>
</testsuite> <!-- extentReports.Paramitarization -->
